Yes, I'm listening on port 3000.
24 Jul 23:10:05 - [33m[nodemon] v0.7.8[0m
24 Jul 23:10:05 - [33m[nodemon] to restart at any time, enter `rs`[0m
24 Jul 23:10:05 - [32m[nodemon] watching: /srv/www/martinben.com[0m
24 Jul 23:10:05 - [nodemon] exception in nodemon killing node
Error: EBADF, read
24 Jul 23:10:05 - [32m[nodemon] Unable to write to temp directory. If you experience problems with file reloading, ensure /tmp is writable.[0m
24 Jul 23:10:05 - [32m[nodemon] starting `node node app.js`[0m

module.js:340
    throw err;
          ^
Error: Cannot find module '/srv/www/martinben.com/node'
    at Function.Module._resolveFilename (module.js:338:15)
    at Function.Module._load (module.js:280:25)
    at Function.Module.runMain (module.js:497:10)
    at startup (node.js:119:16)
    at node.js:901:3
24 Jul 23:10:05 - [1;31m[nodemon] app crashed - waiting for file changes before starting...[0m
24 Jul 23:10:07 - [nodemon] exiting
24 Jul 23:10:10 - [33m[nodemon] v0.7.8[0m
24 Jul 23:10:10 - [33m[nodemon] to restart at any time, enter `rs`[0m
24 Jul 23:10:10 - [32m[nodemon] watching: /srv/www/martinben.com[0m
24 Jul 23:10:10 - [nodemon] exception in nodemon killing node
Error: EBADF, read
24 Jul 23:10:10 - [32m[nodemon] Unable to write to temp directory. If you experience problems with file reloading, ensure /tmp is writable.[0m
24 Jul 23:10:10 - [32m[nodemon] starting `node app.js`[0m
Yes, I'm listening on port 3000.
24 Jul 23:13:20 - [nodemon] restarting due to changes...
24 Jul 23:13:20 - [nodemon] /srv/www/martinben.com/app.js


24 Jul 23:13:20 - [32m[nodemon] starting `node app.js`[0m

module.js:340
    throw err;
          ^
Error: Cannot find module 'variables.json'
    at Function.Module._resolveFilename (module.js:338:15)
    at Function.Module._load (module.js:280:25)
    at Module.require (module.js:364:17)
    at require (module.js:380:17)
    at Object.<anonymous> (/srv/www/martinben.com/app.js:2:17)
    at Module._compile (module.js:456:26)
    at Object.Module._extensions..js (module.js:474:10)
    at Module.load (module.js:356:32)
    at Function.Module._load (module.js:312:12)
    at Function.Module.runMain (module.js:497:10)
24 Jul 23:13:20 - [1;31m[nodemon] app crashed - waiting for file changes before starting...[0m
24 Jul 23:13:22 - [nodemon] exiting
24 Jul 23:37:11 - [33m[nodemon] v0.7.8[0m
24 Jul 23:37:11 - [33m[nodemon] to restart at any time, enter `rs`[0m
24 Jul 23:37:11 - [32m[nodemon] watching: /srv/www/martinben.com[0m
24 Jul 23:37:11 - [nodemon] exception in nodemon killing node
Error: EBADF, read
24 Jul 23:37:11 - [32m[nodemon] Unable to write to temp directory. If you experience problems with file reloading, ensure /tmp is writable.[0m
24 Jul 23:37:11 - [32m[nodemon] starting `node app.js`[0m

module.js:340
    throw err;
          ^
Error: Cannot find module 'variables.json'
    at Function.Module._resolveFilename (module.js:338:15)
    at Function.Module._load (module.js:280:25)
    at Module.require (module.js:364:17)
    at require (module.js:380:17)
    at Object.<anonymous> (/srv/www/martinben.com/app.js:2:17)
    at Module._compile (module.js:456:26)
    at Object.Module._extensions..js (module.js:474:10)
    at Module.load (module.js:356:32)
    at Function.Module._load (module.js:312:12)
    at Function.Module.runMain (module.js:497:10)
24 Jul 23:37:11 - [1;31m[nodemon] app crashed - waiting for file changes before starting...[0m
24 Jul 23:37:13 - [nodemon] exiting
25 Jul 01:32:00 - [33m[nodemon] v0.7.8[0m
25 Jul 01:32:00 - [33m[nodemon] to restart at any time, enter `rs`[0m
25 Jul 01:32:00 - [32m[nodemon] watching: /srv/www/martinben.com[0m
25 Jul 01:32:00 - [nodemon] exception in nodemon killing node
Error: EBADF, read
25 Jul 01:32:00 - [32m[nodemon] Unable to write to temp directory. If you experience problems with file reloading, ensure /tmp is writable.[0m
25 Jul 01:32:00 - [32m[nodemon] starting `node app.js`[0m
Yes, I'm listening on port 3000.

/srv/www/martinben.com/node_modules/mongoose/lib/utils.js:419
        throw err;
              ^
TypeError: Cannot read property 'title' of null
    at Promise.<anonymous> (/srv/www/martinben.com/app.js:96:32)
    at Promise.<anonymous> (/srv/www/martinben.com/node_modules/mongoose/node_modules/mpromise/lib/promise.js:162:8)
    at Promise.EventEmitter.emit (events.js:95:17)
    at Promise.emit (/srv/www/martinben.com/node_modules/mongoose/node_modules/mpromise/lib/promise.js:79:38)
    at Promise.fulfill (/srv/www/martinben.com/node_modules/mongoose/node_modules/mpromise/lib/promise.js:92:20)
    at /srv/www/martinben.com/node_modules/mongoose/lib/query.js:1783:30
    at /srv/www/martinben.com/node_modules/mongoose/lib/utils.js:414:16
    at /srv/www/martinben.com/node_modules/mongoose/node_modules/mongodb/lib/mongodb/collection.js:1012:5
    at /srv/www/martinben.com/node_modules/mongoose/node_modules/mongodb/lib/mongodb/cursor.js:674:35
    at Cursor.close (/srv/www/martinben.com/node_modules/mongoose/node_modules/mongodb/lib/mongodb/cursor.js:881:5)
25 Jul 09:16:39 - [1;31m[nodemon] app crashed - waiting for file changes before starting...[0m
25 Jul 09:16:39 - [nodemon] exiting
